[debug] [2026-03-10T18:20:21.031Z] ----------------------------------------------------------------------
[debug] [2026-03-10T18:20:21.033Z] Command:       C:\Users\EnricoHerold\node.exe C:\Users\EnricoHerold\AppData\Local\pnpm-cache\dlx\563bd04d7131ff9de83e96e52c605361d5cbb53e6eaf582e518fda3b5602e1d8\19cd8f7ff01-229c\node_modules\.pnpm\firebase-tools@15.9.1_@types+node@25.4.0_typescript@5.9.3\node_modules\firebase-tools\lib\bin\firebase.js init
[debug] [2026-03-10T18:20:21.033Z] CLI Version:   15.9.1
[debug] [2026-03-10T18:20:21.033Z] Platform:      win32
[debug] [2026-03-10T18:20:21.033Z] Node Version:  v24.14.0
[debug] [2026-03-10T18:20:21.033Z] Time:          Tue Mar 10 2026 19:20:21 GMT+0100 (Mitteleuropäische Normalzeit)
[debug] [2026-03-10T18:20:21.033Z] ----------------------------------------------------------------------
[debug] 
[info] 
     ######## #### ########  ######## ########     ###     ######  ########
     ##        ##  ##     ## ##       ##     ##  ##   ##  ##       ##
     ######    ##  ########  ######   ########  #########  ######  ######
     ##        ##  ##    ##  ##       ##     ## ##     ##       ## ##
     ##       #### ##     ## ######## ########  ##     ##  ######  ########

You're about to initialize a Firebase project in this directory:

  C:\Users\EnricoHerold\Lernprojekte\Sidehustlers\linq

[info] 
=== Project Setup
[info] 
[info] First, let's associate this project directory with a Firebase project.
[info] You can create multiple project aliases by running firebase use --add, 
[info] 
[info] i  If you want to create a project in a Google Cloud organization or folder, please use "firebase projects:create" instead, and return to this command when you've created the project. 
[debug] [2026-03-10T18:20:46.131Z] > command requires scopes: ["email","openid","https://www.googleapis.com/auth/cloudplatformprojects.readonly","https://www.googleapis.com/auth/firebase","https://www.googleapis.com/auth/cloud-platform"]
[debug] [2026-03-10T18:20:46.131Z] > authorizing via signed-in user (luisbozz18.lb@gmail.com)
[debug] [2026-03-10T18:21:04.550Z] Checked if tokens are valid: true, expires at: 1773170400013
[debug] [2026-03-10T18:21:04.550Z] Checked if tokens are valid: true, expires at: 1773170400013
[debug] [2026-03-10T18:21:04.552Z] >>> [apiv2][query] POST https://firebase.googleapis.com/v1/projects:checkProjectId [none]
[debug] [2026-03-10T18:21:04.552Z] >>> [apiv2][body] POST https://firebase.googleapis.com/v1/projects:checkProjectId {"proposedId":"linq-project"}
[debug] [2026-03-10T18:21:05.042Z] <<< [apiv2][status] POST https://firebase.googleapis.com/v1/projects:checkProjectId 200
[debug] [2026-03-10T18:21:05.042Z] <<< [apiv2][body] POST https://firebase.googleapis.com/v1/projects:checkProjectId {"projectIdStatus":"PROJECT_ID_UNAVAILABLE","suggestedProjectId":"linq-project-d4551"}
[debug] [2026-03-10T18:21:14.745Z] Checked if tokens are valid: true, expires at: 1773170400013
[debug] [2026-03-10T18:21:14.745Z] Checked if tokens are valid: true, expires at: 1773170400013
[debug] [2026-03-10T18:21:14.746Z] >>> [apiv2][query] POST https://firebase.googleapis.com/v1/projects:checkProjectId [none]
[debug] [2026-03-10T18:21:14.746Z] >>> [apiv2][body] POST https://firebase.googleapis.com/v1/projects:checkProjectId {"proposedId":"linq-project-d599"}
[debug] [2026-03-10T18:21:15.248Z] <<< [apiv2][status] POST https://firebase.googleapis.com/v1/projects:checkProjectId 200
[debug] [2026-03-10T18:21:15.248Z] <<< [apiv2][body] POST https://firebase.googleapis.com/v1/projects:checkProjectId {"projectIdStatus":"PROJECT_ID_AVAILABLE","suggestedProjectId":"linq-project-d599"}
[debug] [2026-03-10T18:21:24.306Z] Checked if tokens are valid: true, expires at: 1773170400013
[debug] [2026-03-10T18:21:24.306Z] Checked if tokens are valid: true, expires at: 1773170400013
[debug] [2026-03-10T18:21:24.306Z] >>> [apiv2][query] POST https://cloudresourcemanager.googleapis.com/v1/projects [none]
[debug] [2026-03-10T18:21:24.306Z] >>> [apiv2][body] POST https://cloudresourcemanager.googleapis.com/v1/projects {"projectId":"linq-project-d599","name":"linq"}
[debug] [2026-03-10T18:21:24.976Z] <<< [apiv2][status] POST https://cloudresourcemanager.googleapis.com/v1/projects 200
[debug] [2026-03-10T18:21:24.976Z] <<< [apiv2][body] POST https://cloudresourcemanager.googleapis.com/v1/projects {"name":"operations/create_project.global.4689680345458897073"}
[debug] [2026-03-10T18:21:24.977Z] Checked if tokens are valid: true, expires at: 1773170400013
[debug] [2026-03-10T18:21:24.977Z] Checked if tokens are valid: true, expires at: 1773170400013
[debug] [2026-03-10T18:21:24.977Z] >>> [apiv2][query] GET https://cloudresourcemanager.googleapis.com/v1/operations/create_project.global.4689680345458897073 [none]
[debug] [2026-03-10T18:21:25.693Z] <<< [apiv2][status] GET https://cloudresourcemanager.googleapis.com/v1/operations/create_project.global.4689680345458897073 200
[debug] [2026-03-10T18:21:25.693Z] <<< [apiv2][body] GET https://cloudresourcemanager.googleapis.com/v1/operations/create_project.global.4689680345458897073 {"name":"operations/create_project.global.4689680345458897073"}
[debug] [2026-03-10T18:21:26.201Z] [Project Creation Poller] Retrying task index 0
[debug] [2026-03-10T18:21:26.202Z] Checked if tokens are valid: true, expires at: 1773170400013
[debug] [2026-03-10T18:21:26.202Z] Checked if tokens are valid: true, expires at: 1773170400013
[debug] [2026-03-10T18:21:26.203Z] >>> [apiv2][query] GET https://cloudresourcemanager.googleapis.com/v1/operations/create_project.global.4689680345458897073 [none]
[debug] [2026-03-10T18:21:26.605Z] <<< [apiv2][status] GET https://cloudresourcemanager.googleapis.com/v1/operations/create_project.global.4689680345458897073 200
[debug] [2026-03-10T18:21:26.605Z] <<< [apiv2][body] GET https://cloudresourcemanager.googleapis.com/v1/operations/create_project.global.4689680345458897073 {"name":"operations/create_project.global.4689680345458897073","metadata":{"@type":"type.googleapis.com/google.cloudresourcemanager.v1.ProjectCreationStatus","gettable":true,"ready":true},"done":true,"response":{"@type":"type.googleapis.com/google.cloudresourcemanager.v1.Project","projectNumber":"213409126569","projectId":"linq-project-d599","lifecycleState":"ACTIVE","name":"linq","createTime":"2026-03-10T18:21:25.466229Z"}}
[debug] [2026-03-10T18:21:26.606Z] Checked if tokens are valid: true, expires at: 1773170400013
[debug] [2026-03-10T18:21:26.606Z] Checked if tokens are valid: true, expires at: 1773170400013
[debug] [2026-03-10T18:21:26.606Z] >>> [apiv2][query] POST https://firebase.googleapis.com/v1beta1/projects/linq-project-d599:addFirebase [none]
[debug] [2026-03-10T18:21:30.136Z] <<< [apiv2][status] POST https://firebase.googleapis.com/v1beta1/projects/linq-project-d599:addFirebase 200
[debug] [2026-03-10T18:21:30.136Z] <<< [apiv2][body] POST https://firebase.googleapis.com/v1beta1/projects/linq-project-d599:addFirebase {"name":"operations/workflows/NTNhNDVkZTgtMDJmYi00Zjk2LWI4MTMtNWY5ZWNmMzgwZWUx"}
[debug] [2026-03-10T18:21:30.136Z] Checked if tokens are valid: true, expires at: 1773170400013
[debug] [2026-03-10T18:21:30.136Z] Checked if tokens are valid: true, expires at: 1773170400013
[debug] [2026-03-10T18:21:30.136Z] >>> [apiv2][query] GET https://firebase.googleapis.com/v1beta1/operations/workflows/NTNhNDVkZTgtMDJmYi00Zjk2LWI4MTMtNWY5ZWNmMzgwZWUx [none]
[debug] [2026-03-10T18:21:32.790Z] <<< [apiv2][status] GET https://firebase.googleapis.com/v1beta1/operations/workflows/NTNhNDVkZTgtMDJmYi00Zjk2LWI4MTMtNWY5ZWNmMzgwZWUx 200
[debug] [2026-03-10T18:21:32.790Z] <<< [apiv2][body] GET https://firebase.googleapis.com/v1beta1/operations/workflows/NTNhNDVkZTgtMDJmYi00Zjk2LWI4MTMtNWY5ZWNmMzgwZWUx {"name":"operations/workflows/NTNhNDVkZTgtMDJmYi00Zjk2LWI4MTMtNWY5ZWNmMzgwZWUx"}
[debug] [2026-03-10T18:21:33.301Z] [Add Firebase Poller] Retrying task index 0
[debug] [2026-03-10T18:21:33.301Z] Checked if tokens are valid: true, expires at: 1773170400013
[debug] [2026-03-10T18:21:33.301Z] Checked if tokens are valid: true, expires at: 1773170400013
[debug] [2026-03-10T18:21:33.302Z] >>> [apiv2][query] GET https://firebase.googleapis.com/v1beta1/operations/workflows/NTNhNDVkZTgtMDJmYi00Zjk2LWI4MTMtNWY5ZWNmMzgwZWUx [none]
[debug] [2026-03-10T18:21:34.091Z] <<< [apiv2][status] GET https://firebase.googleapis.com/v1beta1/operations/workflows/NTNhNDVkZTgtMDJmYi00Zjk2LWI4MTMtNWY5ZWNmMzgwZWUx 200
[debug] [2026-03-10T18:21:34.091Z] <<< [apiv2][body] GET https://firebase.googleapis.com/v1beta1/operations/workflows/NTNhNDVkZTgtMDJmYi00Zjk2LWI4MTMtNWY5ZWNmMzgwZWUx {"name":"operations/workflows/NTNhNDVkZTgtMDJmYi00Zjk2LWI4MTMtNWY5ZWNmMzgwZWUx"}
[debug] [2026-03-10T18:21:35.098Z] [Add Firebase Poller] Retrying task index 0
[debug] [2026-03-10T18:21:35.098Z] Checked if tokens are valid: true, expires at: 1773170400013
[debug] [2026-03-10T18:21:35.098Z] Checked if tokens are valid: true, expires at: 1773170400013
[debug] [2026-03-10T18:21:35.098Z] >>> [apiv2][query] GET https://firebase.googleapis.com/v1beta1/operations/workflows/NTNhNDVkZTgtMDJmYi00Zjk2LWI4MTMtNWY5ZWNmMzgwZWUx [none]
[debug] [2026-03-10T18:21:35.917Z] <<< [apiv2][status] GET https://firebase.googleapis.com/v1beta1/operations/workflows/NTNhNDVkZTgtMDJmYi00Zjk2LWI4MTMtNWY5ZWNmMzgwZWUx 200
[debug] [2026-03-10T18:21:35.917Z] <<< [apiv2][body] GET https://firebase.googleapis.com/v1beta1/operations/workflows/NTNhNDVkZTgtMDJmYi00Zjk2LWI4MTMtNWY5ZWNmMzgwZWUx {"name":"operations/workflows/NTNhNDVkZTgtMDJmYi00Zjk2LWI4MTMtNWY5ZWNmMzgwZWUx"}
[debug] [2026-03-10T18:21:37.930Z] [Add Firebase Poller] Retrying task index 0
[debug] [2026-03-10T18:21:37.930Z] Checked if tokens are valid: true, expires at: 1773170400013
[debug] [2026-03-10T18:21:37.931Z] Checked if tokens are valid: true, expires at: 1773170400013
[debug] [2026-03-10T18:21:37.931Z] >>> [apiv2][query] GET https://firebase.googleapis.com/v1beta1/operations/workflows/NTNhNDVkZTgtMDJmYi00Zjk2LWI4MTMtNWY5ZWNmMzgwZWUx [none]
[debug] [2026-03-10T18:21:38.473Z] <<< [apiv2][status] GET https://firebase.googleapis.com/v1beta1/operations/workflows/NTNhNDVkZTgtMDJmYi00Zjk2LWI4MTMtNWY5ZWNmMzgwZWUx 200
[debug] [2026-03-10T18:21:38.473Z] <<< [apiv2][body] GET https://firebase.googleapis.com/v1beta1/operations/workflows/NTNhNDVkZTgtMDJmYi00Zjk2LWI4MTMtNWY5ZWNmMzgwZWUx {"name":"operations/workflows/NTNhNDVkZTgtMDJmYi00Zjk2LWI4MTMtNWY5ZWNmMzgwZWUx"}
[debug] [2026-03-10T18:21:42.476Z] [Add Firebase Poller] Retrying task index 0
[debug] [2026-03-10T18:21:42.476Z] Checked if tokens are valid: true, expires at: 1773170400013
[debug] [2026-03-10T18:21:42.477Z] Checked if tokens are valid: true, expires at: 1773170400013
[debug] [2026-03-10T18:21:42.477Z] >>> [apiv2][query] GET https://firebase.googleapis.com/v1beta1/operations/workflows/NTNhNDVkZTgtMDJmYi00Zjk2LWI4MTMtNWY5ZWNmMzgwZWUx [none]
[debug] [2026-03-10T18:21:43.100Z] <<< [apiv2][status] GET https://firebase.googleapis.com/v1beta1/operations/workflows/NTNhNDVkZTgtMDJmYi00Zjk2LWI4MTMtNWY5ZWNmMzgwZWUx 200
[debug] [2026-03-10T18:21:43.100Z] <<< [apiv2][body] GET https://firebase.googleapis.com/v1beta1/operations/workflows/NTNhNDVkZTgtMDJmYi00Zjk2LWI4MTMtNWY5ZWNmMzgwZWUx {"name":"operations/workflows/NTNhNDVkZTgtMDJmYi00Zjk2LWI4MTMtNWY5ZWNmMzgwZWUx","done":true,"response":{"@type":"type.googleapis.com/google.firebase.service.v1beta1.FirebaseProject","projectId":"linq-project-d599","projectNumber":"213409126569","displayName":"linq","name":"projects/linq-project-d599","resources":{"hostingSite":"linq-project-d599"}}}
[info] 
[info] === Your Firebase project is ready! ===
[info] 
[info] Project information:
[info]    - Project ID: linq-project-d599
[info]    - Project Name: linq
[info] 
[info] Firebase console is available at
[info] https://console.firebase.google.com/project/linq-project-d599/overview
[info] 
=== Hosting Setup
[debug] [2026-03-10T18:21:43.147Z] Checked if tokens are valid: true, expires at: 1773170400013
[debug] [2026-03-10T18:21:43.147Z] Checked if tokens are valid: true, expires at: 1773170400013
[debug] [2026-03-10T18:21:43.147Z] >>> [apiv2][query] GET https://firebase.googleapis.com/v1beta1/projects/linq-project-d599 [none]
[debug] [2026-03-10T18:21:43.980Z] <<< [apiv2][status] GET https://firebase.googleapis.com/v1beta1/projects/linq-project-d599 200
[debug] [2026-03-10T18:21:43.980Z] <<< [apiv2][body] GET https://firebase.googleapis.com/v1beta1/projects/linq-project-d599 {"projectId":"linq-project-d599","projectNumber":"213409126569","displayName":"linq","name":"projects/linq-project-d599","resources":{"hostingSite":"linq-project-d599"},"state":"ACTIVE","etag":"1_99d1149a-b0e0-4431-948f-98d94a894763"}
[info] 
[info] Your public directory is the folder (relative to your project directory) that
[info] will contain Hosting assets to be uploaded with firebase deploy. If you
[info] have a build process for your assets, use your build's output directory.
[info] 
[debug] [2026-03-10T18:22:35.087Z] ExitPromptError: User force closed the prompt with SIGINT
    at Interface.sigint (C:\Users\EnricoHerold\AppData\Local\pnpm-cache\dlx\563bd04d7131ff9de83e96e52c605361d5cbb53e6eaf582e518fda3b5602e1d8\19cd8f7ff01-229c\node_modules\.pnpm\@inquirer+core@10.3.2_@types+node@25.4.0\node_modules\@inquirer\core\dist\commonjs\lib\create-prompt.js:101:37)
    at Interface.emit (node:events:508:28)
    at [_ttyWrite] [as _ttyWrite] (node:internal/readline/interface:1327:18)
    at ReadStream.onkeypress (node:internal/readline/interface:284:20)
    at ReadStream.emit (node:events:520:35)
    at emitKeys (node:internal/readline/utils:371:14)
    at emitKeys.next (<anonymous>)
    at ReadStream.onData (node:internal/readline/emitKeypressEvents:64:36)
    at ReadStream.emit (node:events:508:28)
    at addChunk (node:internal/streams/readable:563:12)
[error] 
[error] Error: An unexpected error has occurred.
